=== puma startup: 2015-08-29 20:18:23 -0700 ===
[3374] * Starting control server on unix:///tmp/puma-status-1440904703218-3374
[3374] - Worker 0 (pid: 3560) booted, phase: 0
[3374] - Gracefully shutting down workers...
[3374] === puma shutdown: 2015-08-30 17:28:00 -0700 ===
[3374] - Goodbye!
=== puma startup: 2015-08-30 17:28:03 -0700 ===
[22770] * Starting control server on unix:///tmp/puma-status-1440980883234-22770
[22770] - Gracefully shutting down workers...
[22957] Early termination of worker
[22770] === puma shutdown: 2015-08-30 17:28:09 -0700 ===
[22770] - Goodbye!
=== puma startup: 2015-08-30 17:28:16 -0700 ===
[23131] * Starting control server on unix:///tmp/puma-status-1440980896749-23131
[23131] - Worker 0 (pid: 23316) booted, phase: 0
[23131] - Gracefully shutting down workers...
[23131] === puma shutdown: 2015-08-30 17:48:42 -0700 ===
[23131] - Goodbye!
=== puma startup: 2015-08-30 17:48:44 -0700 ===
[24211] * Starting control server on unix:///tmp/puma-status-1440982124316-24211
[24211] - Worker 0 (pid: 24394) booted, phase: 0
[24211] - Gracefully shutting down workers...
[24211] === puma shutdown: 2015-08-30 17:53:32 -0700 ===
[24211] - Goodbye!
=== puma startup: 2015-08-30 17:53:35 -0700 ===
[24853] * Starting control server on unix:///tmp/puma-status-1440982415173-24853
[24853] - Worker 0 (pid: 25038) booted, phase: 0
